../rtl/dn_host/baud_gen.vhd
../rtl/dn_host/flag_buff.vhd
../rtl/dn_host/spi2uart_fifo.vhd
../rtl/dn_host/uart2spi_fifo.vhd
../rtl/dn_host/uart_rx.vhd
../rtl/dn_host/uart_tx.vhd
../rtl/dn_host/uart2fifo_ctrl.vhd
../rtl/dn_host/dn_host.vhd
../rtl/dn_host/uart_loopback.vhd
../rtl/dn_host/fifo2uart_ctrl.vhd
../rtl/dn_host/uart_sys.vhd
../rtl/dn_host/dn_reg.vhd
../rtl/dn_host/uart.vhd
../rtl/dn_host/spi_host.vhd
../rtl/dn_device/spi_device.vhd
../rtl/dn_device/dn_device.vhd
../rtl/dn_device/spi_s_fifo.vhd
../rtl/dn_device/spi_m_fifo.vhd
../rtl/common/spi_clk_gen.vhd
../rtl/common/spi_s.vhd
../rtl/common/spi2fifo_ctrl.vhd
../rtl/common/fifo_loopback.vhd
../rtl/common/spi_m.vhd
../rtl/common/spi_loopback.vhd
../rtl/virtual_top/virtual_top.vhd
../rtl/fifo_model/uart2spi_fifo_sim.vhd
../rtl/fifo_model/spi2uart_fifo_sim.vhd
